2026-04-01 08:37:08,037 [INFO] data_fetcher: Initialized ForexDataFetcher with data_dir=test_data
2026-04-01 08:37:08,037 [INFO] data_fetcher: 
Fetching 1 pairs: EURUSD
2026-04-01 08:37:08,037 [INFO] data_fetcher: History: 1mo, Min candles: 100
2026-04-01 08:37:08,038 [INFO] data_fetcher: 
============================================================
2026-04-01 08:37:08,038 [INFO] data_fetcher: Processing EURUSD
2026-04-01 08:37:08,038 [INFO] data_fetcher: ============================================================
2026-04-01 08:37:08,038 [INFO] data_fetcher: EURUSD: Fetching 1h data (ticker: EURUSD=X, period: 1mo)...
2026-04-01 08:37:08,689 [INFO] data_fetcher: EURUSD: Successfully fetched 531 candles (2026-03-02 to 2026-04-01)
2026-04-01 08:37:08,692 [ERROR] data_fetcher: EURUSD: DataFrame is empty
2026-04-01 08:37:08,693 [INFO] data_fetcher: 
================================================================================
2026-04-01 08:37:08,693 [INFO] data_fetcher: DATA FETCHING SUMMARY
2026-04-01 08:37:08,693 [INFO] data_fetcher: ================================================================================
2026-04-01 08:37:08,693 [INFO] data_fetcher: 
✗ Failed (1):
2026-04-01 08:37:08,693 [INFO] data_fetcher:   - EURUSD
2026-04-01 08:37:08,693 [INFO] data_fetcher: 
Total: 0 successful, 1 failed
2026-04-01 08:37:08,693 [INFO] data_fetcher: ================================================================================

2026-04-01 08:37:57,798 [INFO] data_fetcher: Initialized ForexDataFetcher with data_dir=test_data
2026-04-01 08:37:57,798 [INFO] data_fetcher: EURUSD: Fetching 1h data (ticker: EURUSD=X, period: 1mo)...
2026-04-01 08:37:58,541 [INFO] data_fetcher: EURUSD: Successfully fetched 531 candles (2026-03-02 to 2026-04-01)
2026-04-01 08:37:58,550 [INFO] data_fetcher: EURUSD: Data validation passed (136 candles, 2026-03-02 to 2026-04-01)
2026-04-01 08:38:08,105 [INFO] data_fetcher: Initialized ForexDataFetcher with data_dir=test_data
2026-04-01 08:38:08,105 [INFO] data_fetcher: 
Fetching 3 pairs: EURUSD, GBPUSD, USDJPY
2026-04-01 08:38:08,105 [INFO] data_fetcher: History: 1mo, Min candles: 50
2026-04-01 08:38:08,105 [INFO] data_fetcher: 
============================================================
2026-04-01 08:38:08,105 [INFO] data_fetcher: Processing EURUSD
2026-04-01 08:38:08,105 [INFO] data_fetcher: ============================================================
2026-04-01 08:38:08,105 [INFO] data_fetcher: EURUSD: Fetching 1h data (ticker: EURUSD=X, period: 1mo)...
2026-04-01 08:38:08,727 [INFO] data_fetcher: EURUSD: Successfully fetched 531 candles (2026-03-02 to 2026-04-01)
2026-04-01 08:38:08,731 [INFO] data_fetcher: EURUSD: Data validation passed (136 candles, 2026-03-02 to 2026-04-01)
2026-04-01 08:38:08,733 [INFO] data_fetcher: EURUSD: Saved 136 candles to test_data/EURUSD_H4.csv
2026-04-01 08:38:08,733 [INFO] data_fetcher: 
============================================================
2026-04-01 08:38:08,734 [INFO] data_fetcher: Processing GBPUSD
2026-04-01 08:38:08,734 [INFO] data_fetcher: ============================================================
2026-04-01 08:38:08,734 [INFO] data_fetcher: GBPUSD: Fetching 1h data (ticker: GBPUSD=X, period: 1mo)...
2026-04-01 08:38:08,988 [INFO] data_fetcher: GBPUSD: Successfully fetched 531 candles (2026-03-02 to 2026-04-01)
2026-04-01 08:38:08,992 [INFO] data_fetcher: GBPUSD: Data validation passed (136 candles, 2026-03-02 to 2026-04-01)
2026-04-01 08:38:08,994 [INFO] data_fetcher: GBPUSD: Saved 136 candles to test_data/GBPUSD_H4.csv
2026-04-01 08:38:08,994 [INFO] data_fetcher: 
============================================================
2026-04-01 08:38:08,994 [INFO] data_fetcher: Processing USDJPY
2026-04-01 08:38:08,994 [INFO] data_fetcher: ============================================================
2026-04-01 08:38:08,994 [INFO] data_fetcher: USDJPY: Fetching 1h data (ticker: JPY=X, period: 1mo)...
2026-04-01 08:38:09,295 [INFO] data_fetcher: USDJPY: Successfully fetched 530 candles (2026-03-02 to 2026-04-01)
2026-04-01 08:38:09,298 [INFO] data_fetcher: USDJPY: Data validation passed (136 candles, 2026-03-02 to 2026-04-01)
2026-04-01 08:38:09,300 [INFO] data_fetcher: USDJPY: Saved 136 candles to test_data/USDJPY_H4.csv
2026-04-01 08:38:09,300 [INFO] data_fetcher: 
================================================================================
2026-04-01 08:38:09,300 [INFO] data_fetcher: DATA FETCHING SUMMARY
2026-04-01 08:38:09,300 [INFO] data_fetcher: ================================================================================
2026-04-01 08:38:09,300 [INFO] data_fetcher: 
✓ Successfully Processed (3):
2026-04-01 08:38:09,301 [INFO] data_fetcher: Pair       Candles    From            To             
2026-04-01 08:38:09,301 [INFO] data_fetcher: --------------------------------------------------
2026-04-01 08:38:09,301 [INFO] data_fetcher: EURUSD     136        2026-03-02      2026-04-01     
2026-04-01 08:38:09,301 [INFO] data_fetcher: GBPUSD     136        2026-03-02      2026-04-01     
2026-04-01 08:38:09,301 [INFO] data_fetcher: USDJPY     136        2026-03-02      2026-04-01     
2026-04-01 08:38:09,301 [INFO] data_fetcher: 
Total: 3 successful, 0 failed
2026-04-01 08:38:09,301 [INFO] data_fetcher: ================================================================================

2026-04-01 13:46:25,428 [INFO] __main__: Fetching 3 pairs...
2026-04-01 13:46:25,428 [INFO] bot_data_pipeline: Fetching data for 3 pairs
2026-04-01 13:46:25,429 [INFO] data_fetcher: Initialized ForexDataFetcher with data_dir=data
2026-04-01 13:46:25,429 [INFO] data_fetcher: 
Fetching 3 pairs: EURUSD, GBPUSD, USDJPY
2026-04-01 13:46:25,429 [INFO] data_fetcher: History: 6mo, Min candles: 3000
2026-04-01 13:46:25,429 [INFO] data_fetcher: 
============================================================
2026-04-01 13:46:25,429 [INFO] data_fetcher: Processing EURUSD
2026-04-01 13:46:25,429 [INFO] data_fetcher: ============================================================
2026-04-01 13:46:25,433 [INFO] data_fetcher: EURUSD: Loaded 136 candles from data/EURUSD_H4.csv
2026-04-01 13:46:25,433 [INFO] data_fetcher: EURUSD: Fetching 1h data (ticker: EURUSD=X, period: 6mo)...
2026-04-01 13:46:26,555 [INFO] data_fetcher: EURUSD: Successfully fetched 3035 candles (2025-10-01 to 2026-04-01)
2026-04-01 13:46:26,558 [ERROR] data_fetcher: EURUSD: Insufficient candles: 775 < 3000
2026-04-01 13:46:26,559 [INFO] data_fetcher: 
============================================================
2026-04-01 13:46:26,559 [INFO] data_fetcher: Processing GBPUSD
2026-04-01 13:46:26,559 [INFO] data_fetcher: ============================================================
2026-04-01 13:46:26,559 [INFO] data_fetcher: GBPUSD: Fetching 1h data (ticker: GBPUSD=X, period: 6mo)...
2026-04-01 13:46:26,925 [INFO] data_fetcher: GBPUSD: Successfully fetched 3036 candles (2025-10-01 to 2026-04-01)
2026-04-01 13:46:26,929 [ERROR] data_fetcher: GBPUSD: Insufficient candles: 776 < 3000
2026-04-01 13:46:26,929 [INFO] data_fetcher: 
============================================================
2026-04-01 13:46:26,929 [INFO] data_fetcher: Processing USDJPY
2026-04-01 13:46:26,929 [INFO] data_fetcher: ============================================================
2026-04-01 13:46:26,929 [INFO] data_fetcher: USDJPY: Fetching 1h data (ticker: JPY=X, period: 6mo)...
2026-04-01 13:46:27,263 [INFO] data_fetcher: USDJPY: Successfully fetched 3020 candles (2025-10-01 to 2026-04-01)
2026-04-01 13:46:27,266 [ERROR] data_fetcher: USDJPY: Insufficient candles: 773 < 3000
2026-04-01 13:46:27,266 [INFO] data_fetcher: 
================================================================================
2026-04-01 13:46:27,266 [INFO] data_fetcher: DATA FETCHING SUMMARY
2026-04-01 13:46:27,266 [INFO] data_fetcher: ================================================================================
2026-04-01 13:46:27,267 [INFO] data_fetcher: 
✗ Failed (3):
2026-04-01 13:46:27,267 [INFO] data_fetcher:   - EURUSD
2026-04-01 13:46:27,267 [INFO] data_fetcher:   - GBPUSD
2026-04-01 13:46:27,267 [INFO] data_fetcher:   - USDJPY
2026-04-01 13:46:27,267 [INFO] data_fetcher: 
Errors encountered:
2026-04-01 13:46:27,267 [INFO] data_fetcher:   - EURUSD: Insufficient data (775 candles)
2026-04-01 13:46:27,267 [INFO] data_fetcher:   - GBPUSD: Insufficient data (776 candles)
2026-04-01 13:46:27,267 [INFO] data_fetcher:   - USDJPY: Insufficient data (773 candles)
2026-04-01 13:46:27,267 [INFO] data_fetcher: 
Total: 0 successful, 3 failed
2026-04-01 13:46:27,268 [INFO] data_fetcher: ================================================================================

2026-04-01 13:46:27,268 [INFO] bot_data_pipeline: Successfully fetched 0 pairs
2026-04-01 13:46:27,268 [ERROR] __main__: Failed to fetch data
2026-04-01 13:48:14,213 [INFO] __main__: Fetching 3 pairs...
2026-04-01 13:48:14,214 [INFO] bot_data_pipeline: Fetching data for 3 pairs
2026-04-01 13:48:14,214 [INFO] data_fetcher: Initialized ForexDataFetcher with data_dir=data
2026-04-01 13:48:14,214 [INFO] data_fetcher: 
Fetching 3 pairs: EURUSD, GBPUSD, USDJPY
2026-04-01 13:48:14,214 [INFO] data_fetcher: History: 6mo, Min candles: 3000
2026-04-01 13:48:14,214 [INFO] data_fetcher: 
============================================================
2026-04-01 13:48:14,214 [INFO] data_fetcher: Processing EURUSD
2026-04-01 13:48:14,214 [INFO] data_fetcher: ============================================================
2026-04-01 13:48:14,218 [INFO] data_fetcher: EURUSD: Loaded 136 candles from data/EURUSD_H4.csv
2026-04-01 13:48:14,218 [INFO] data_fetcher: EURUSD: Fetching 1h data (ticker: EURUSD=X, period: 6mo)...
2026-04-01 13:48:15,025 [INFO] data_fetcher: EURUSD: Successfully fetched 3035 candles (2025-10-01 to 2026-04-01)
2026-04-01 13:48:15,029 [ERROR] data_fetcher: EURUSD: Insufficient candles: 775 < 3000
2026-04-01 13:48:15,029 [INFO] data_fetcher: 
============================================================
2026-04-01 13:48:15,029 [INFO] data_fetcher: Processing GBPUSD
2026-04-01 13:48:15,029 [INFO] data_fetcher: ============================================================
2026-04-01 13:48:15,029 [INFO] data_fetcher: GBPUSD: Fetching 1h data (ticker: GBPUSD=X, period: 6mo)...
2026-04-01 13:48:15,414 [INFO] data_fetcher: GBPUSD: Successfully fetched 3036 candles (2025-10-01 to 2026-04-01)
2026-04-01 13:48:15,419 [ERROR] data_fetcher: GBPUSD: Insufficient candles: 776 < 3000
2026-04-01 13:48:15,419 [INFO] data_fetcher: 
============================================================
2026-04-01 13:48:15,419 [INFO] data_fetcher: Processing USDJPY
2026-04-01 13:48:15,419 [INFO] data_fetcher: ============================================================
2026-04-01 13:48:15,419 [INFO] data_fetcher: USDJPY: Fetching 1h data (ticker: JPY=X, period: 6mo)...
2026-04-01 13:48:15,732 [INFO] data_fetcher: USDJPY: Successfully fetched 3020 candles (2025-10-01 to 2026-04-01)
2026-04-01 13:48:15,735 [ERROR] data_fetcher: USDJPY: Insufficient candles: 773 < 3000
2026-04-01 13:48:15,735 [INFO] data_fetcher: 
================================================================================
2026-04-01 13:48:15,736 [INFO] data_fetcher: DATA FETCHING SUMMARY
2026-04-01 13:48:15,736 [INFO] data_fetcher: ================================================================================
2026-04-01 13:48:15,736 [INFO] data_fetcher: 
✗ Failed (3):
2026-04-01 13:48:15,736 [INFO] data_fetcher:   - EURUSD
2026-04-01 13:48:15,736 [INFO] data_fetcher:   - GBPUSD
2026-04-01 13:48:15,736 [INFO] data_fetcher:   - USDJPY
2026-04-01 13:48:15,736 [INFO] data_fetcher: 
Errors encountered:
2026-04-01 13:48:15,736 [INFO] data_fetcher:   - EURUSD: Insufficient data (775 candles)
2026-04-01 13:48:15,737 [INFO] data_fetcher:   - GBPUSD: Insufficient data (776 candles)
2026-04-01 13:48:15,737 [INFO] data_fetcher:   - USDJPY: Insufficient data (773 candles)
2026-04-01 13:48:15,737 [INFO] data_fetcher: 
Total: 0 successful, 3 failed
2026-04-01 13:48:15,737 [INFO] data_fetcher: ================================================================================

2026-04-01 13:48:15,737 [INFO] bot_data_pipeline: Successfully fetched 0 pairs
2026-04-01 13:48:15,737 [ERROR] __main__: Failed to fetch data
2026-04-01 13:48:44,193 [INFO] __main__: Fetching 3 pairs...
2026-04-01 13:48:44,193 [INFO] bot_data_pipeline: Fetching data for 3 pairs
2026-04-01 13:48:44,194 [INFO] data_fetcher: Initialized ForexDataFetcher with data_dir=data
2026-04-01 13:48:44,194 [INFO] data_fetcher: 
Fetching 3 pairs: EURUSD, GBPUSD, USDJPY
2026-04-01 13:48:44,194 [INFO] data_fetcher: History: 6mo, Min candles: 500
2026-04-01 13:48:44,194 [INFO] data_fetcher: 
============================================================
2026-04-01 13:48:44,194 [INFO] data_fetcher: Processing EURUSD
2026-04-01 13:48:44,194 [INFO] data_fetcher: ============================================================
2026-04-01 13:48:44,199 [INFO] data_fetcher: EURUSD: Loaded 136 candles from data/EURUSD_H4.csv
2026-04-01 13:48:44,200 [INFO] data_fetcher: EURUSD: Fetching 1h data (ticker: EURUSD=X, period: 6mo)...
2026-04-01 13:48:45,029 [INFO] data_fetcher: EURUSD: Successfully fetched 3035 candles (2025-10-01 to 2026-04-01)
2026-04-01 13:48:45,033 [INFO] data_fetcher: EURUSD: Data validation passed (775 candles, 2025-10-01 to 2026-04-01)
2026-04-01 13:48:45,042 [INFO] data_fetcher: EURUSD: Saved 775 candles to data/EURUSD_H4.csv
2026-04-01 13:48:45,042 [INFO] data_fetcher: 
============================================================
2026-04-01 13:48:45,042 [INFO] data_fetcher: Processing GBPUSD
2026-04-01 13:48:45,042 [INFO] data_fetcher: ============================================================
2026-04-01 13:48:45,042 [INFO] data_fetcher: GBPUSD: Fetching 1h data (ticker: GBPUSD=X, period: 6mo)...
2026-04-01 13:48:45,397 [INFO] data_fetcher: GBPUSD: Successfully fetched 3036 candles (2025-10-01 to 2026-04-01)
2026-04-01 13:48:45,404 [INFO] data_fetcher: GBPUSD: Data validation passed (776 candles, 2025-10-01 to 2026-04-01)
2026-04-01 13:48:45,416 [INFO] data_fetcher: GBPUSD: Saved 776 candles to data/GBPUSD_H4.csv
2026-04-01 13:48:45,416 [INFO] data_fetcher: 
============================================================
2026-04-01 13:48:45,417 [INFO] data_fetcher: Processing USDJPY
2026-04-01 13:48:45,417 [INFO] data_fetcher: ============================================================
2026-04-01 13:48:45,417 [INFO] data_fetcher: USDJPY: Fetching 1h data (ticker: JPY=X, period: 6mo)...
2026-04-01 13:48:45,771 [INFO] data_fetcher: USDJPY: Successfully fetched 3020 candles (2025-10-01 to 2026-04-01)
2026-04-01 13:48:45,775 [INFO] data_fetcher: USDJPY: Data validation passed (773 candles, 2025-10-01 to 2026-04-01)
2026-04-01 13:48:45,782 [INFO] data_fetcher: USDJPY: Saved 773 candles to data/USDJPY_H4.csv
2026-04-01 13:48:45,782 [INFO] data_fetcher: 
================================================================================
2026-04-01 13:48:45,782 [INFO] data_fetcher: DATA FETCHING SUMMARY
2026-04-01 13:48:45,783 [INFO] data_fetcher: ================================================================================
2026-04-01 13:48:45,783 [INFO] data_fetcher: 
✓ Successfully Processed (3):
2026-04-01 13:48:45,783 [INFO] data_fetcher: Pair       Candles    From            To             
2026-04-01 13:48:45,783 [INFO] data_fetcher: --------------------------------------------------
2026-04-01 13:48:45,783 [INFO] data_fetcher: EURUSD     775        2025-10-01      2026-04-01     
2026-04-01 13:48:45,783 [INFO] data_fetcher: GBPUSD     776        2025-10-01      2026-04-01     
2026-04-01 13:48:45,784 [INFO] data_fetcher: USDJPY     773        2025-10-01      2026-04-01     
2026-04-01 13:48:45,784 [INFO] data_fetcher: 
Total: 3 successful, 0 failed
2026-04-01 13:48:45,784 [INFO] data_fetcher: ================================================================================

2026-04-01 13:48:45,784 [INFO] bot_data_pipeline: Successfully fetched 3 pairs
2026-04-01 13:48:45,784 [INFO] __main__: Validating data...
2026-04-01 13:48:45,785 [INFO] bot_data_pipeline: ✓ EURUSD: 775 candles valid
2026-04-01 13:48:45,785 [INFO] bot_data_pipeline: ✓ GBPUSD: 776 candles valid
2026-04-01 13:48:45,786 [INFO] bot_data_pipeline: ✓ USDJPY: 773 candles valid
2026-04-01 13:48:45,786 [INFO] __main__: Running backtests...
2026-04-01 13:48:45,786 [INFO] __main__: 
Backtesting EURUSD...
2026-04-01 13:48:45,786 [INFO] backtest: Starting backtest for EURUSD
2026-04-01 13:48:45,786 [INFO] data_handler: Fetching EURUSD data (4h, 500 candles)
2026-04-01 13:48:45,789 [ERROR] data_handler: MetaTrader5 module not installed
2026-04-01 13:48:45,789 [ERROR] backtest: Failed to fetch data for EURUSD: No module named 'MetaTrader5'
2026-04-01 13:48:45,789 [INFO] __main__: 
Backtesting GBPUSD...
2026-04-01 13:48:45,789 [INFO] backtest: Starting backtest for GBPUSD
2026-04-01 13:48:45,789 [INFO] data_handler: Fetching GBPUSD data (4h, 500 candles)
2026-04-01 13:48:45,789 [ERROR] data_handler: MetaTrader5 module not installed
2026-04-01 13:48:45,790 [ERROR] backtest: Failed to fetch data for GBPUSD: No module named 'MetaTrader5'
2026-04-01 13:48:45,790 [INFO] __main__: 
Backtesting USDJPY...
2026-04-01 13:48:45,790 [INFO] backtest: Starting backtest for USDJPY
2026-04-01 13:48:45,790 [INFO] data_handler: Fetching USDJPY data (4h, 500 candles)
2026-04-01 13:48:45,792 [ERROR] data_handler: MetaTrader5 module not installed
2026-04-01 13:48:45,792 [ERROR] backtest: Failed to fetch data for USDJPY: No module named 'MetaTrader5'
2026-04-01 14:01:35,071 [INFO] __main__: Skipping fetch, loading from cache...
2026-04-01 14:01:35,072 [INFO] data_fetcher: Initialized ForexDataFetcher with data_dir=data
2026-04-01 14:01:35,077 [INFO] data_fetcher: EURUSD: Loaded 775 candles from data/EURUSD_H4.csv
2026-04-01 14:01:35,080 [INFO] data_fetcher: GBPUSD: Loaded 776 candles from data/GBPUSD_H4.csv
2026-04-01 14:01:35,082 [INFO] data_fetcher: USDJPY: Loaded 773 candles from data/USDJPY_H4.csv
2026-04-01 14:01:35,082 [INFO] bot_data_pipeline: Loaded 3 pairs from cache
2026-04-01 14:01:35,082 [INFO] __main__: Validating data...
2026-04-01 14:01:35,083 [INFO] bot_data_pipeline: ✓ EURUSD: 775 candles valid
2026-04-01 14:01:35,084 [INFO] bot_data_pipeline: ✓ GBPUSD: 776 candles valid
2026-04-01 14:01:35,084 [INFO] bot_data_pipeline: ✓ USDJPY: 773 candles valid
2026-04-01 14:01:35,084 [INFO] __main__: Running backtests...
2026-04-01 14:01:35,084 [INFO] __main__: 
Backtesting EURUSD...
2026-04-01 14:01:35,084 [INFO] backtest: Starting backtest for EURUSD
2026-04-01 14:01:35,085 [INFO] data_handler: Fetching EURUSD data (4h, 500 candles)
2026-04-01 14:01:35,085 [ERROR] data_handler: MetaTrader5 module not installed
2026-04-01 14:01:35,085 [ERROR] backtest: Failed to fetch data for EURUSD: No module named 'MetaTrader5'
2026-04-01 14:01:35,085 [INFO] __main__: 
Backtesting GBPUSD...
2026-04-01 14:01:35,085 [INFO] backtest: Starting backtest for GBPUSD
2026-04-01 14:01:35,085 [INFO] data_handler: Fetching GBPUSD data (4h, 500 candles)
2026-04-01 14:01:35,086 [ERROR] data_handler: MetaTrader5 module not installed
2026-04-01 14:01:35,086 [ERROR] backtest: Failed to fetch data for GBPUSD: No module named 'MetaTrader5'
2026-04-01 14:01:35,086 [INFO] __main__: 
Backtesting USDJPY...
2026-04-01 14:01:35,086 [INFO] backtest: Starting backtest for USDJPY
2026-04-01 14:01:35,086 [INFO] data_handler: Fetching USDJPY data (4h, 500 candles)
2026-04-01 14:01:35,086 [ERROR] data_handler: MetaTrader5 module not installed
2026-04-01 14:01:35,086 [ERROR] backtest: Failed to fetch data for USDJPY: No module named 'MetaTrader5'
2026-04-01 14:02:40,675 [INFO] __main__: Loading cached CSV data...
2026-04-01 14:02:40,676 [INFO] data_fetcher: Initialized ForexDataFetcher with data_dir=data
2026-04-01 14:02:40,681 [INFO] data_fetcher: EURUSD: Loaded 775 candles from data/EURUSD_H4.csv
2026-04-01 14:02:40,685 [INFO] data_fetcher: GBPUSD: Loaded 776 candles from data/GBPUSD_H4.csv
2026-04-01 14:02:40,688 [INFO] data_fetcher: USDJPY: Loaded 773 candles from data/USDJPY_H4.csv
2026-04-01 14:02:40,688 [INFO] bot_data_pipeline: Loaded 3 pairs from cache
2026-04-01 14:02:40,688 [INFO] __main__: Validating data...
2026-04-01 14:02:40,689 [INFO] bot_data_pipeline: ✓ EURUSD: 775 candles valid
2026-04-01 14:02:40,689 [INFO] bot_data_pipeline: ✓ GBPUSD: 776 candles valid
2026-04-01 14:02:40,689 [INFO] bot_data_pipeline: ✓ USDJPY: 773 candles valid
2026-04-01 14:02:40,690 [INFO] __main__: 
============================================================
2026-04-01 14:02:40,690 [INFO] __main__: BACKTESTING EURUSD
2026-04-01 14:02:40,690 [INFO] __main__: ============================================================
2026-04-01 14:02:40,713 [INFO] __main__: Loaded 775 candles for EURUSD
2026-04-01 14:02:40,896 [INFO] __main__: Generated 698 signals
2026-04-01 14:02:40,897 [INFO] __main__: 
============================================================
2026-04-01 14:02:40,897 [INFO] __main__: BACKTESTING GBPUSD
2026-04-01 14:02:40,897 [INFO] __main__: ============================================================
2026-04-01 14:02:40,920 [INFO] __main__: Loaded 776 candles for GBPUSD
2026-04-01 14:02:41,095 [INFO] __main__: Generated 688 signals
2026-04-01 14:02:41,096 [INFO] __main__: 
============================================================
2026-04-01 14:02:41,096 [INFO] __main__: BACKTESTING USDJPY
2026-04-01 14:02:41,096 [INFO] __main__: ============================================================
2026-04-01 14:02:41,129 [INFO] __main__: Loaded 773 candles for USDJPY
2026-04-01 14:02:41,280 [INFO] __main__: Generated 667 signals
2026-04-01 14:03:17,988 [INFO] __main__: Loading cached CSV data...
2026-04-01 14:03:17,988 [INFO] data_fetcher: Initialized ForexDataFetcher with data_dir=data
2026-04-01 14:03:17,994 [INFO] data_fetcher: EURUSD: Loaded 775 candles from data/EURUSD_H4.csv
2026-04-01 14:03:17,997 [INFO] data_fetcher: GBPUSD: Loaded 776 candles from data/GBPUSD_H4.csv
2026-04-01 14:03:18,001 [INFO] data_fetcher: USDJPY: Loaded 773 candles from data/USDJPY_H4.csv
2026-04-01 14:03:18,002 [INFO] bot_data_pipeline: Loaded 3 pairs from cache
2026-04-01 14:03:18,002 [INFO] __main__: Validating data...
2026-04-01 14:03:18,003 [INFO] bot_data_pipeline: ✓ EURUSD: 775 candles valid
2026-04-01 14:03:18,004 [INFO] bot_data_pipeline: ✓ GBPUSD: 776 candles valid
2026-04-01 14:03:18,005 [INFO] bot_data_pipeline: ✓ USDJPY: 773 candles valid
2026-04-01 14:03:18,005 [INFO] __main__: 
============================================================
2026-04-01 14:03:18,005 [INFO] __main__: BACKTESTING EURUSD
2026-04-01 14:03:18,005 [INFO] __main__: ============================================================
2026-04-01 14:03:18,032 [INFO] __main__: Loaded 775 candles for EURUSD
2026-04-01 14:03:18,076 [INFO] __main__: Generated 32 signals
2026-04-01 14:03:18,076 [INFO] __main__: 
============================================================
2026-04-01 14:03:18,076 [INFO] __main__: BACKTESTING GBPUSD
2026-04-01 14:03:18,076 [INFO] __main__: ============================================================
2026-04-01 14:03:18,101 [INFO] __main__: Loaded 776 candles for GBPUSD
2026-04-01 14:03:18,149 [INFO] __main__: Generated 33 signals
2026-04-01 14:03:18,149 [INFO] __main__: 
============================================================
2026-04-01 14:03:18,149 [INFO] __main__: BACKTESTING USDJPY
2026-04-01 14:03:18,149 [INFO] __main__: ============================================================
2026-04-01 14:03:18,173 [INFO] __main__: Loaded 773 candles for USDJPY
2026-04-01 14:03:18,235 [INFO] __main__: Generated 89 signals
2026-04-01 14:05:36,669 [INFO] __main__: Loading cached CSV data...
2026-04-01 14:05:36,670 [INFO] data_fetcher: Initialized ForexDataFetcher with data_dir=data
2026-04-01 14:05:36,675 [INFO] data_fetcher: EURUSD: Loaded 775 candles from data/EURUSD_H4.csv
2026-04-01 14:05:36,678 [INFO] data_fetcher: GBPUSD: Loaded 776 candles from data/GBPUSD_H4.csv
2026-04-01 14:05:36,680 [INFO] data_fetcher: USDJPY: Loaded 773 candles from data/USDJPY_H4.csv
2026-04-01 14:05:36,680 [INFO] bot_data_pipeline: Loaded 3 pairs from cache
2026-04-01 14:05:36,680 [INFO] __main__: Validating data...
2026-04-01 14:05:36,681 [INFO] bot_data_pipeline: ✓ EURUSD: 775 candles valid
2026-04-01 14:05:36,682 [INFO] bot_data_pipeline: ✓ GBPUSD: 776 candles valid
2026-04-01 14:05:36,682 [INFO] bot_data_pipeline: ✓ USDJPY: 773 candles valid
2026-04-01 14:05:36,682 [INFO] __main__: 
======================================================================
2026-04-01 14:05:36,682 [INFO] __main__: BACKTESTING EURUSD
2026-04-01 14:05:36,683 [INFO] __main__: ======================================================================
2026-04-01 14:05:36,706 [INFO] __main__: Loaded 775 candles
2026-04-01 14:05:36,712 [INFO] __main__: 
======================================================================
2026-04-01 14:05:36,712 [INFO] __main__: BACKTESTING GBPUSD
2026-04-01 14:05:36,712 [INFO] __main__: ======================================================================
2026-04-01 14:05:36,735 [INFO] __main__: Loaded 776 candles
2026-04-01 14:05:36,740 [INFO] __main__: 
======================================================================
2026-04-01 14:05:36,741 [INFO] __main__: BACKTESTING USDJPY
2026-04-01 14:05:36,741 [INFO] __main__: ======================================================================
2026-04-01 14:05:36,765 [INFO] __main__: Loaded 773 candles
2026-04-01 14:05:54,988 [INFO] __main__: Loading cached CSV data...
2026-04-01 14:05:54,988 [INFO] data_fetcher: Initialized ForexDataFetcher with data_dir=data
2026-04-01 14:05:54,993 [INFO] data_fetcher: EURUSD: Loaded 775 candles from data/EURUSD_H4.csv
2026-04-01 14:05:54,996 [INFO] data_fetcher: GBPUSD: Loaded 776 candles from data/GBPUSD_H4.csv
2026-04-01 14:05:54,999 [INFO] data_fetcher: USDJPY: Loaded 773 candles from data/USDJPY_H4.csv
2026-04-01 14:05:54,999 [INFO] bot_data_pipeline: Loaded 3 pairs from cache
2026-04-01 14:05:54,999 [INFO] __main__: Validating data...
2026-04-01 14:05:55,000 [INFO] bot_data_pipeline: ✓ EURUSD: 775 candles valid
2026-04-01 14:05:55,000 [INFO] bot_data_pipeline: ✓ GBPUSD: 776 candles valid
2026-04-01 14:05:55,001 [INFO] bot_data_pipeline: ✓ USDJPY: 773 candles valid
2026-04-01 14:05:55,001 [INFO] __main__: 
======================================================================
2026-04-01 14:05:55,001 [INFO] __main__: BACKTESTING EURUSD
2026-04-01 14:05:55,001 [INFO] __main__: ======================================================================
2026-04-01 14:05:55,026 [INFO] __main__: Loaded 775 candles
2026-04-01 14:05:55,032 [INFO] __main__: 
======================================================================
2026-04-01 14:05:55,032 [INFO] __main__: BACKTESTING GBPUSD
2026-04-01 14:05:55,032 [INFO] __main__: ======================================================================
2026-04-01 14:05:55,056 [INFO] __main__: Loaded 776 candles
2026-04-01 14:05:55,061 [INFO] __main__: 
======================================================================
2026-04-01 14:05:55,061 [INFO] __main__: BACKTESTING USDJPY
2026-04-01 14:05:55,061 [INFO] __main__: ======================================================================
2026-04-01 14:05:55,086 [INFO] __main__: Loaded 773 candles
2026-04-01 14:07:33,602 [INFO] __main__: Loading cached CSV data...
2026-04-01 14:07:33,602 [INFO] data_fetcher: Initialized ForexDataFetcher with data_dir=data
2026-04-01 14:07:33,607 [INFO] data_fetcher: EURUSD: Loaded 775 candles from data/EURUSD_H4.csv
2026-04-01 14:07:33,610 [INFO] data_fetcher: GBPUSD: Loaded 776 candles from data/GBPUSD_H4.csv
2026-04-01 14:07:33,613 [INFO] data_fetcher: USDJPY: Loaded 773 candles from data/USDJPY_H4.csv
2026-04-01 14:07:33,613 [INFO] bot_data_pipeline: Loaded 3 pairs from cache
2026-04-01 14:07:33,613 [INFO] __main__: Validating data...
2026-04-01 14:07:33,614 [INFO] bot_data_pipeline: ✓ EURUSD: 775 candles valid
2026-04-01 14:07:33,614 [INFO] bot_data_pipeline: ✓ GBPUSD: 776 candles valid
2026-04-01 14:07:33,615 [INFO] bot_data_pipeline: ✓ USDJPY: 773 candles valid
2026-04-01 14:07:33,615 [INFO] __main__: 
======================================================================
2026-04-01 14:07:33,615 [INFO] __main__: BACKTESTING EURUSD
2026-04-01 14:07:33,615 [INFO] __main__: ======================================================================
2026-04-01 14:07:33,640 [INFO] __main__: Loaded 775 candles
2026-04-01 14:07:33,641 [INFO] __main__: 
======================================================================
2026-04-01 14:07:33,641 [INFO] __main__: BACKTESTING GBPUSD
2026-04-01 14:07:33,641 [INFO] __main__: ======================================================================
2026-04-01 14:07:33,666 [INFO] __main__: Loaded 776 candles
2026-04-01 14:07:33,666 [INFO] __main__: 
======================================================================
2026-04-01 14:07:33,666 [INFO] __main__: BACKTESTING USDJPY
2026-04-01 14:07:33,666 [INFO] __main__: ======================================================================
2026-04-01 14:07:33,690 [INFO] __main__: Loaded 773 candles
2026-04-01 14:08:34,211 [INFO] data_fetcher: Initialized ForexDataFetcher with data_dir=data
2026-04-01 14:08:34,216 [INFO] data_fetcher: USDJPY: Loaded 773 candles from data/USDJPY_H4.csv
2026-04-01 14:08:34,216 [INFO] bot_data_pipeline: Loaded 1 pairs from cache
2026-04-01 14:09:03,000 [INFO] data_fetcher: Initialized ForexDataFetcher with data_dir=data
2026-04-01 14:09:03,005 [INFO] data_fetcher: USDJPY: Loaded 773 candles from data/USDJPY_H4.csv
2026-04-01 14:09:03,005 [INFO] bot_data_pipeline: Loaded 1 pairs from cache
2026-04-01 14:09:38,601 [INFO] __main__: Loading cached CSV data...
2026-04-01 14:09:38,601 [INFO] data_fetcher: Initialized ForexDataFetcher with data_dir=data
2026-04-01 14:09:38,606 [INFO] data_fetcher: EURUSD: Loaded 775 candles from data/EURUSD_H4.csv
2026-04-01 14:09:38,609 [INFO] data_fetcher: GBPUSD: Loaded 776 candles from data/GBPUSD_H4.csv
2026-04-01 14:09:38,612 [INFO] data_fetcher: USDJPY: Loaded 773 candles from data/USDJPY_H4.csv
2026-04-01 14:09:38,612 [INFO] bot_data_pipeline: Loaded 3 pairs from cache
2026-04-01 14:09:38,612 [INFO] __main__: Validating data...
2026-04-01 14:09:38,613 [INFO] bot_data_pipeline: ✓ EURUSD: 775 candles valid
2026-04-01 14:09:38,613 [INFO] bot_data_pipeline: ✓ GBPUSD: 776 candles valid
2026-04-01 14:09:38,614 [INFO] bot_data_pipeline: ✓ USDJPY: 773 candles valid
2026-04-01 14:09:38,614 [INFO] __main__: 
======================================================================
2026-04-01 14:09:38,614 [INFO] __main__: BACKTESTING EURUSD
2026-04-01 14:09:38,614 [INFO] __main__: ======================================================================
2026-04-01 14:09:38,639 [INFO] __main__: Loaded 775 candles
2026-04-01 14:09:38,640 [INFO] __main__: 
======================================================================
2026-04-01 14:09:38,640 [INFO] __main__: BACKTESTING GBPUSD
2026-04-01 14:09:38,640 [INFO] __main__: ======================================================================
2026-04-01 14:09:38,663 [INFO] __main__: Loaded 776 candles
2026-04-01 14:09:38,664 [INFO] __main__: 
======================================================================
2026-04-01 14:09:38,664 [INFO] __main__: BACKTESTING USDJPY
2026-04-01 14:09:38,664 [INFO] __main__: ======================================================================
2026-04-01 14:09:38,698 [INFO] __main__: Loaded 773 candles
2026-04-01 14:09:49,726 [INFO] data_fetcher: Initialized ForexDataFetcher with data_dir=data
2026-04-01 14:09:49,747 [INFO] data_fetcher: USDJPY: Loaded 773 candles from data/USDJPY_H4.csv
2026-04-01 14:09:49,747 [INFO] bot_data_pipeline: Loaded 1 pairs from cache
2026-04-01 14:10:18,632 [INFO] __main__: Loading cached CSV data...
2026-04-01 14:10:18,632 [INFO] data_fetcher: Initialized ForexDataFetcher with data_dir=data
2026-04-01 14:10:18,637 [INFO] data_fetcher: EURUSD: Loaded 775 candles from data/EURUSD_H4.csv
2026-04-01 14:10:18,640 [INFO] data_fetcher: GBPUSD: Loaded 776 candles from data/GBPUSD_H4.csv
2026-04-01 14:10:18,642 [INFO] data_fetcher: USDJPY: Loaded 773 candles from data/USDJPY_H4.csv
2026-04-01 14:10:18,643 [INFO] bot_data_pipeline: Loaded 3 pairs from cache
2026-04-01 14:10:18,643 [INFO] __main__: Validating data...
2026-04-01 14:10:18,643 [INFO] bot_data_pipeline: ✓ EURUSD: 775 candles valid
2026-04-01 14:10:18,644 [INFO] bot_data_pipeline: ✓ GBPUSD: 776 candles valid
2026-04-01 14:10:18,644 [INFO] bot_data_pipeline: ✓ USDJPY: 773 candles valid
2026-04-01 14:10:18,645 [INFO] __main__: 
======================================================================
2026-04-01 14:10:18,645 [INFO] __main__: BACKTESTING EURUSD
2026-04-01 14:10:18,645 [INFO] __main__: ======================================================================
2026-04-01 14:10:18,669 [INFO] __main__: Loaded 775 candles
2026-04-01 14:10:18,670 [INFO] __main__: 
======================================================================
2026-04-01 14:10:18,670 [INFO] __main__: BACKTESTING GBPUSD
2026-04-01 14:10:18,670 [INFO] __main__: ======================================================================
2026-04-01 14:10:18,693 [INFO] __main__: Loaded 776 candles
2026-04-01 14:10:18,694 [INFO] __main__: 
======================================================================
2026-04-01 14:10:18,694 [INFO] __main__: BACKTESTING USDJPY
2026-04-01 14:10:18,694 [INFO] __main__: ======================================================================
2026-04-01 14:10:18,717 [INFO] __main__: Loaded 773 candles
2026-04-01 14:11:13,542 [INFO] __main__: Loading cached CSV data...
2026-04-01 14:11:13,542 [INFO] data_fetcher: Initialized ForexDataFetcher with data_dir=data
2026-04-01 14:11:13,547 [INFO] data_fetcher: EURUSD: Loaded 775 candles from data/EURUSD_H4.csv
2026-04-01 14:11:13,550 [INFO] data_fetcher: GBPUSD: Loaded 776 candles from data/GBPUSD_H4.csv
2026-04-01 14:11:13,553 [INFO] data_fetcher: USDJPY: Loaded 773 candles from data/USDJPY_H4.csv
2026-04-01 14:11:13,553 [INFO] bot_data_pipeline: Loaded 3 pairs from cache
2026-04-01 14:11:13,553 [INFO] __main__: Validating data...
2026-04-01 14:11:13,554 [INFO] bot_data_pipeline: ✓ EURUSD: 775 candles valid
2026-04-01 14:11:13,554 [INFO] bot_data_pipeline: ✓ GBPUSD: 776 candles valid
2026-04-01 14:11:13,555 [INFO] bot_data_pipeline: ✓ USDJPY: 773 candles valid
2026-04-01 14:11:13,555 [INFO] __main__: 
======================================================================
2026-04-01 14:11:13,555 [INFO] __main__: BACKTESTING EURUSD
2026-04-01 14:11:13,555 [INFO] __main__: ======================================================================
2026-04-01 14:11:13,579 [INFO] __main__: Loaded 775 candles
2026-04-01 14:11:13,580 [INFO] __main__: 
======================================================================
2026-04-01 14:11:13,580 [INFO] __main__: BACKTESTING GBPUSD
2026-04-01 14:11:13,580 [INFO] __main__: ======================================================================
2026-04-01 14:11:13,604 [INFO] __main__: Loaded 776 candles
2026-04-01 14:11:13,604 [INFO] __main__: 
======================================================================
2026-04-01 14:11:13,604 [INFO] __main__: BACKTESTING USDJPY
2026-04-01 14:11:13,605 [INFO] __main__: ======================================================================
2026-04-01 14:11:13,628 [INFO] __main__: Loaded 773 candles
2026-04-01 14:11:42,204 [INFO] __main__: Loading cached CSV data...
2026-04-01 14:11:42,204 [INFO] data_fetcher: Initialized ForexDataFetcher with data_dir=data
2026-04-01 14:11:42,209 [INFO] data_fetcher: EURUSD: Loaded 775 candles from data/EURUSD_H4.csv
2026-04-01 14:11:42,212 [INFO] data_fetcher: GBPUSD: Loaded 776 candles from data/GBPUSD_H4.csv
2026-04-01 14:11:42,214 [INFO] data_fetcher: USDJPY: Loaded 773 candles from data/USDJPY_H4.csv
2026-04-01 14:11:42,215 [INFO] bot_data_pipeline: Loaded 3 pairs from cache
2026-04-01 14:11:42,215 [INFO] __main__: Validating data...
2026-04-01 14:11:42,215 [INFO] bot_data_pipeline: ✓ EURUSD: 775 candles valid
2026-04-01 14:11:42,216 [INFO] bot_data_pipeline: ✓ GBPUSD: 776 candles valid
2026-04-01 14:11:42,216 [INFO] bot_data_pipeline: ✓ USDJPY: 773 candles valid
2026-04-01 14:11:42,216 [INFO] __main__: 
======================================================================
2026-04-01 14:11:42,217 [INFO] __main__: BACKTESTING EURUSD
2026-04-01 14:11:42,217 [INFO] __main__: ======================================================================
2026-04-01 14:11:42,241 [INFO] __main__: Loaded 775 candles
2026-04-01 14:11:42,242 [INFO] __main__: 
======================================================================
2026-04-01 14:11:42,242 [INFO] __main__: BACKTESTING GBPUSD
2026-04-01 14:11:42,243 [INFO] __main__: ======================================================================
2026-04-01 14:11:42,266 [INFO] __main__: Loaded 776 candles
2026-04-01 14:11:42,267 [INFO] __main__: 
======================================================================
2026-04-01 14:11:42,267 [INFO] __main__: BACKTESTING USDJPY
2026-04-01 14:11:42,267 [INFO] __main__: ======================================================================
2026-04-01 14:11:42,291 [INFO] __main__: Loaded 773 candles
2026-04-01 14:19:01,783 [INFO] __main__: Loading data...
2026-04-01 14:19:01,783 [INFO] data_fetcher: Initialized ForexDataFetcher with data_dir=data
2026-04-01 14:19:01,791 [INFO] data_fetcher: EURUSD: Loaded 775 candles from data/EURUSD_H4.csv
2026-04-01 14:19:01,795 [INFO] data_fetcher: GBPUSD: Loaded 776 candles from data/GBPUSD_H4.csv
2026-04-01 14:19:01,795 [INFO] bot_data_pipeline: Loaded 2 pairs from cache
2026-04-01 14:19:01,795 [INFO] __main__: 
Backtesting EURUSD (AGGRESSIVE)...
2026-04-01 14:19:01,827 [INFO] __main__: 
Backtesting GBPUSD (AGGRESSIVE)...
2026-04-01 15:01:58,441 [INFO] __main__: Loading cached CSV data...
2026-04-01 15:01:58,461 [INFO] data_fetcher: Initialized ForexDataFetcher with data_dir=data
2026-04-01 15:01:58,493 [INFO] data_fetcher: EURUSD: Loaded 775 candles from data/EURUSD_H4.csv
2026-04-01 15:01:58,511 [INFO] data_fetcher: GBPUSD: Loaded 776 candles from data/GBPUSD_H4.csv
2026-04-01 15:01:58,519 [INFO] data_fetcher: USDJPY: Loaded 773 candles from data/USDJPY_H4.csv
2026-04-01 15:01:58,519 [INFO] bot_data_pipeline: Loaded 3 pairs from cache
2026-04-01 15:01:58,520 [INFO] __main__: Validating data...
2026-04-01 15:01:58,521 [INFO] bot_data_pipeline: ✓ EURUSD: 775 candles valid
2026-04-01 15:01:58,522 [INFO] bot_data_pipeline: ✓ GBPUSD: 776 candles valid
2026-04-01 15:01:58,522 [INFO] bot_data_pipeline: ✓ USDJPY: 773 candles valid
2026-04-01 15:01:58,523 [INFO] __main__: 
======================================================================
2026-04-01 15:01:58,523 [INFO] __main__: BACKTESTING EURUSD
2026-04-01 15:01:58,523 [INFO] __main__: ======================================================================
2026-04-01 15:01:58,568 [INFO] __main__: Loaded 775 candles
2026-04-01 15:01:58,569 [INFO] __main__: 
======================================================================
2026-04-01 15:01:58,569 [INFO] __main__: BACKTESTING GBPUSD
2026-04-01 15:01:58,569 [INFO] __main__: ======================================================================
2026-04-01 15:01:58,596 [INFO] __main__: Loaded 776 candles
2026-04-01 15:01:58,597 [INFO] __main__: 
======================================================================
2026-04-01 15:01:58,597 [INFO] __main__: BACKTESTING USDJPY
2026-04-01 15:01:58,597 [INFO] __main__: ======================================================================
2026-04-01 15:01:58,621 [INFO] __main__: Loaded 773 candles
